[2016-12-21 10:09:17] local.ERROR: ErrorException: file_put_contents(/var/www/html/gits/api/storage/framework/sessions/2bVXQd3Vbz9XlpzJBGE7JPImNb68Sg2zTs37Zpn5): failed to open stream: Permission denied in /var/www/html/gits/api/vendor/laravel/framework/src/Illuminate/Filesystem/Filesystem.php:111
Stack trace:
#0 [internal function]: Illuminate\Foundation\Bootstrap\HandleExceptions->handleError(2, 'file_put_conten...', '/var/www/html/g...', 111, Array)
#1 /var/www/html/gits/api/vendor/laravel/framework/src/Illuminate/Filesystem/Filesystem.php(111): file_put_contents('/var/www/html/g...', 'a:4:{s:6:"_toke...', 2)
#2 /var/www/html/gits/api/vendor/laravel/framework/src/Illuminate/Session/FileSessionHandler.php(83): Illuminate\Filesystem\Filesystem->put('/var/www/html/g...', 'a:4:{s:6:"_toke...', true)
#3 /var/www/html/gits/api/vendor/laravel/framework/src/Illuminate/Session/Store.php(263): Illuminate\Session\FileSessionHandler->write('2bVXQd3Vbz9Xlpz...', 'a:4:{s:6:"_toke...')
#4 /var/www/html/gits/api/vendor/laravel/framework/src/Illuminate/Session/Middleware/StartSession.php(88): Illuminate\Session\Store->save()
#5 /var/www/html/gits/api/vendor/laravel/framework/src/Illuminate/Foundation/Http/Kernel.php(177): Illuminate\Session\Middleware\StartSession->terminate(Object(Illuminate\Http\Request), Object(Illuminate\Http\Response))
#6 /var/www/html/gits/api/public/index.php(58): Illuminate\Foundation\Http\Kernel->terminate(Object(Illuminate\Http\Request), Object(Illuminate\Http\Response))
#7 /var/www/html/gits/api/server.php(21): require_once('/var/www/html/g...')
#8 {main}  
[2016-12-21 10:09:32] local.ERROR: ErrorException: file_put_contents(/var/www/html/gits/api/storage/framework/sessions/2bVXQd3Vbz9XlpzJBGE7JPImNb68Sg2zTs37Zpn5): failed to open stream: Permission denied in /var/www/html/gits/api/vendor/laravel/framework/src/Illuminate/Filesystem/Filesystem.php:111
Stack trace:
#0 [internal function]: Illuminate\Foundation\Bootstrap\HandleExceptions->handleError(2, 'file_put_conten...', '/var/www/html/g...', 111, Array)
#1 /var/www/html/gits/api/vendor/laravel/framework/src/Illuminate/Filesystem/Filesystem.php(111): file_put_contents('/var/www/html/g...', 'a:4:{s:6:"_toke...', 2)
#2 /var/www/html/gits/api/vendor/laravel/framework/src/Illuminate/Session/FileSessionHandler.php(83): Illuminate\Filesystem\Filesystem->put('/var/www/html/g...', 'a:4:{s:6:"_toke...', true)
#3 /var/www/html/gits/api/vendor/laravel/framework/src/Illuminate/Session/Store.php(263): Illuminate\Session\FileSessionHandler->write('2bVXQd3Vbz9Xlpz...', 'a:4:{s:6:"_toke...')
#4 /var/www/html/gits/api/vendor/laravel/framework/src/Illuminate/Session/Middleware/StartSession.php(88): Illuminate\Session\Store->save()
#5 /var/www/html/gits/api/vendor/laravel/framework/src/Illuminate/Foundation/Http/Kernel.php(177): Illuminate\Session\Middleware\StartSession->terminate(Object(Illuminate\Http\Request), Object(Illuminate\Http\Response))
#6 /var/www/html/gits/api/public/index.php(58): Illuminate\Foundation\Http\Kernel->terminate(Object(Illuminate\Http\Request), Object(Illuminate\Http\Response))
#7 /var/www/html/gits/api/server.php(21): require_once('/var/www/html/g...')
#8 {main}  
[2016-12-21 21:24:49] local.ERROR: Symfony\Component\Console\Exception\CommandNotFoundException: There are no commands defined in the "mack" namespace. in /var/www/html/gits/api/vendor/symfony/console/Application.php:490
Stack trace:
#0 /var/www/html/gits/api/vendor/symfony/console/Application.php(522): Symfony\Component\Console\Application->findNamespace('mack')
#1 /var/www/html/gits/api/vendor/symfony/console/Application.php(184): Symfony\Component\Console\Application->find('mack:auth')
#2 /var/www/html/gits/api/vendor/symfony/console/Application.php(118): Symfony\Component\Console\Application->doRun(Object(Symfony\Component\Console\Input\ArgvInput), Object(Symfony\Component\Console\Output\ConsoleOutput))
#3 /var/www/html/gits/api/vendor/laravel/framework/src/Illuminate/Foundation/Console/Kernel.php(121): Symfony\Component\Console\Application->run(Object(Symfony\Component\Console\Input\ArgvInput), Object(Symfony\Component\Console\Output\ConsoleOutput))
#4 /var/www/html/gits/api/artisan(35): Illuminate\Foundation\Console\Kernel->handle(Object(Symfony\Component\Console\Input\ArgvInput), Object(Symfony\Component\Console\Output\ConsoleOutput))
#5 {main}  
[2016-12-21 21:25:17] local.ERROR: Symfony\Component\Console\Exception\CommandNotFoundException: Command "maigrate" is not defined.

Did you mean one of these?
    migrate
    migrate:install
    migrate:rollback
    migrate:reset
    migrate:refresh
    migrate:status in /var/www/html/gits/api/vendor/symfony/console/Application.php:536
Stack trace:
#0 /var/www/html/gits/api/vendor/symfony/console/Application.php(184): Symfony\Component\Console\Application->find('maigrate')
#1 /var/www/html/gits/api/vendor/symfony/console/Application.php(118): Symfony\Component\Console\Application->doRun(Object(Symfony\Component\Console\Input\ArgvInput), Object(Symfony\Component\Console\Output\ConsoleOutput))
#2 /var/www/html/gits/api/vendor/laravel/framework/src/Illuminate/Foundation/Console/Kernel.php(121): Symfony\Component\Console\Application->run(Object(Symfony\Component\Console\Input\ArgvInput), Object(Symfony\Component\Console\Output\ConsoleOutput))
#3 /var/www/html/gits/api/artisan(35): Illuminate\Foundation\Console\Kernel->handle(Object(Symfony\Component\Console\Input\ArgvInput), Object(Symfony\Component\Console\Output\ConsoleOutput))
#4 {main}  
